<?xml version="1.0" encoding="UTF-8"?>
<coverage generated="1622967607314" clover="3.2.0">
  <project timestamp="1622967607314" name="All files">
    <metrics statements="29" coveredstatements="29" conditionals="13" coveredconditionals="13" methods="16" coveredmethods="16" elements="58" coveredelements="58" complexity="0" loc="29" ncloc="29" packages="2" files="2" classes="2"/>
    <package name="routes">
      <metrics statements="25" coveredstatements="25" conditionals="10" coveredconditionals="10" methods="13" coveredmethods="13"/>
      <file name="get-posts.js" path="/home/cj/Desktop/blog-posts/src/routes/get-posts.js">
        <metrics statements="25" coveredstatements="25" conditionals="10" coveredconditionals="10" methods="13" coveredmethods="13"/>
        <line num="2" count="1" type="stmt"/>
        <line num="3" count="10" type="stmt"/>
        <line num="4" count="10" type="stmt"/>
        <line num="6" count="10" type="stmt"/>
        <line num="8" count="10" type="cond" truecount="2" falsecount="0"/>
        <line num="9" count="1" type="stmt"/>
        <line num="12" count="9" type="cond" truecount="2" falsecount="0"/>
        <line num="13" count="1" type="stmt"/>
        <line num="16" count="8" type="cond" truecount="2" falsecount="0"/>
        <line num="17" count="1" type="stmt"/>
        <line num="20" count="7" type="stmt"/>
        <line num="28" count="7" type="stmt"/>
        <line num="32" count="8" type="stmt"/>
        <line num="33" count="7" type="stmt"/>
        <line num="37" count="8" type="stmt"/>
        <line num="41" count="7" type="stmt"/>
        <line num="42" count="19" type="cond" truecount="2" falsecount="0"/>
        <line num="43" count="18" type="stmt"/>
        <line num="46" count="1" type="stmt"/>
        <line num="51" count="7" type="stmt"/>
        <line num="53" count="7" type="stmt"/>
        <line num="54" count="21" type="cond" truecount="2" falsecount="0"/>
        <line num="59" count="7" type="stmt"/>
        <line num="61" count="8" type="stmt"/>
        <line num="65" count="1" type="stmt"/>
      </file>
    </package>
    <package name="utils">
      <metrics statements="4" coveredstatements="4" conditionals="3" coveredconditionals="3" methods="3" coveredmethods="3"/>
      <file name="pipe.js" path="/home/cj/Desktop/blog-posts/src/utils/pipe.js">
        <metrics statements="4" coveredstatements="4" conditionals="3" coveredconditionals="3" methods="3" coveredmethods="3"/>
        <line num="1" count="1" type="stmt"/>
        <line num="2" count="7" type="stmt"/>
        <line num="3" count="7" type="stmt"/>
        <line num="4" count="35" type="cond" truecount="3" falsecount="0"/>
      </file>
    </package>
  </project>
</coverage>
