{"/home/cj/Desktop/blog-posts/src/routes/get-posts.js": {"path":"/home/cj/Desktop/blog-posts/src/routes/get-posts.js","statementMap":{"0":{"start":{"line":2,"column":2},"end":{"line":29,"column":3}},"1":{"start":{"line":3,"column":23},"end":{"line":3,"column":61}},"2":{"start":{"line":4,"column":32},"end":{"line":4,"column":47}},"3":{"start":{"line":6,"column":22},"end":{"line":6,"column":33}},"4":{"start":{"line":8,"column":4},"end":{"line":10,"column":5}},"5":{"start":{"line":9,"column":6},"end":{"line":9,"column":52}},"6":{"start":{"line":12,"column":4},"end":{"line":14,"column":5}},"7":{"start":{"line":13,"column":6},"end":{"line":13,"column":53}},"8":{"start":{"line":16,"column":4},"end":{"line":18,"column":5}},"9":{"start":{"line":17,"column":6},"end":{"line":17,"column":56}},"10":{"start":{"line":20,"column":27},"end":{"line":26,"column":5}},"11":{"start":{"line":28,"column":4},"end":{"line":28,"column":38}},"12":{"start":{"line":32,"column":21},"end":{"line":32,"column":59}},"13":{"start":{"line":32,"column":37},"end":{"line":32,"column":58}},"14":{"start":{"line":33,"column":4},"end":{"line":33,"column":33}},"15":{"start":{"line":37,"column":4},"end":{"line":37,"column":55}},"16":{"start":{"line":37,"column":43},"end":{"line":37,"column":53}},"17":{"start":{"line":41,"column":4},"end":{"line":47,"column":7}},"18":{"start":{"line":41,"column":22},"end":{"line":47,"column":6}},"19":{"start":{"line":42,"column":6},"end":{"line":44,"column":7}},"20":{"start":{"line":43,"column":8},"end":{"line":43,"column":40}},"21":{"start":{"line":46,"column":6},"end":{"line":46,"column":39}},"22":{"start":{"line":51,"column":17},"end":{"line":51,"column":26}},"23":{"start":{"line":53,"column":4},"end":{"line":55,"column":6}},"24":{"start":{"line":54,"column":15},"end":{"line":54,"column":60}},"25":{"start":{"line":59,"column":4},"end":{"line":61,"column":71}},"26":{"start":{"line":61,"column":18},"end":{"line":61,"column":69}},"27":{"start":{"line":65,"column":0},"end":{"line":65,"column":31}}},"fnMap":{"0":{"name":"buildGetPosts","decl":{"start":{"line":1,"column":9},"end":{"line":1,"column":22}},"loc":{"start":{"line":1,"column":51},"end":{"line":63,"column":1}},"line":1},"1":{"name":"getPosts","decl":{"start":{"line":2,"column":24},"end":{"line":2,"column":32}},"loc":{"start":{"line":2,"column":46},"end":{"line":29,"column":3}},"line":2},"2":{"name":"issueConcurrentGetRequest","decl":{"start":{"line":31,"column":11},"end":{"line":31,"column":36}},"loc":{"start":{"line":31,"column":43},"end":{"line":34,"column":3}},"line":31},"3":{"name":"(anonymous_3)","decl":{"start":{"line":32,"column":30},"end":{"line":32,"column":31}},"loc":{"start":{"line":32,"column":37},"end":{"line":32,"column":58}},"line":32},"4":{"name":"flattenResponseBody","decl":{"start":{"line":36,"column":11},"end":{"line":36,"column":30}},"loc":{"start":{"line":36,"column":42},"end":{"line":38,"column":3}},"line":36},"5":{"name":"(anonymous_5)","decl":{"start":{"line":37,"column":29},"end":{"line":37,"column":30}},"loc":{"start":{"line":37,"column":43},"end":{"line":37,"column":53}},"line":37},"6":{"name":"sortBy","decl":{"start":{"line":40,"column":11},"end":{"line":40,"column":17}},"loc":{"start":{"line":40,"column":36},"end":{"line":48,"column":3}},"line":40},"7":{"name":"(anonymous_7)","decl":{"start":{"line":41,"column":11},"end":{"line":41,"column":12}},"loc":{"start":{"line":41,"column":22},"end":{"line":47,"column":6}},"line":41},"8":{"name":"(anonymous_8)","decl":{"start":{"line":41,"column":33},"end":{"line":41,"column":34}},"loc":{"start":{"line":41,"column":49},"end":{"line":47,"column":5}},"line":41},"9":{"name":"mergePosts","decl":{"start":{"line":50,"column":11},"end":{"line":50,"column":21}},"loc":{"start":{"line":50,"column":29},"end":{"line":56,"column":3}},"line":50},"10":{"name":"(anonymous_10)","decl":{"start":{"line":54,"column":6},"end":{"line":54,"column":7}},"loc":{"start":{"line":54,"column":15},"end":{"line":54,"column":60}},"line":54},"11":{"name":"makePostsAPIRequestURLs","decl":{"start":{"line":58,"column":11},"end":{"line":58,"column":34}},"loc":{"start":{"line":58,"column":41},"end":{"line":62,"column":3}},"line":58},"12":{"name":"(anonymous_12)","decl":{"start":{"line":61,"column":11},"end":{"line":61,"column":12}},"loc":{"start":{"line":61,"column":18},"end":{"line":61,"column":69}},"line":61}},"branchMap":{"0":{"loc":{"start":{"line":8,"column":4},"end":{"line":10,"column":5}},"type":"if","locations":[{"start":{"line":8,"column":4},"end":{"line":10,"column":5}},{"start":{"line":8,"column":4},"end":{"line":10,"column":5}}],"line":8},"1":{"loc":{"start":{"line":12,"column":4},"end":{"line":14,"column":5}},"type":"if","locations":[{"start":{"line":12,"column":4},"end":{"line":14,"column":5}},{"start":{"line":12,"column":4},"end":{"line":14,"column":5}}],"line":12},"2":{"loc":{"start":{"line":16,"column":4},"end":{"line":18,"column":5}},"type":"if","locations":[{"start":{"line":16,"column":4},"end":{"line":18,"column":5}},{"start":{"line":16,"column":4},"end":{"line":18,"column":5}}],"line":16},"3":{"loc":{"start":{"line":42,"column":6},"end":{"line":44,"column":7}},"type":"if","locations":[{"start":{"line":42,"column":6},"end":{"line":44,"column":7}},{"start":{"line":42,"column":6},"end":{"line":44,"column":7}}],"line":42},"4":{"loc":{"start":{"line":54,"column":15},"end":{"line":54,"column":60}},"type":"cond-expr","locations":[{"start":{"line":54,"column":35},"end":{"line":54,"column":40}},{"start":{"line":54,"column":43},"end":{"line":54,"column":60}}],"line":54}},"s":{"0":1,"1":10,"2":10,"3":10,"4":10,"5":1,"6":9,"7":1,"8":8,"9":1,"10":7,"11":7,"12":7,"13":8,"14":7,"15":7,"16":8,"17":7,"18":7,"19":19,"20":18,"21":1,"22":7,"23":7,"24":21,"25":7,"26":8,"27":1},"f":{"0":1,"1":10,"2":7,"3":8,"4":7,"5":8,"6":7,"7":7,"8":19,"9":7,"10":21,"11":7,"12":8},"b":{"0":[1,9],"1":[1,8],"2":[1,7],"3":[18,1],"4":[1,20]},"_coverageSchema":"1a1c01bbd47fc00a2c39e90264f33305004495a9","hash":"f367682323815827e61549ecca4553fba9b4965e"}
,"/home/cj/Desktop/blog-posts/src/utils/pipe.js": {"path":"/home/cj/Desktop/blog-posts/src/utils/pipe.js","statementMap":{"0":{"start":{"line":1,"column":0},"end":{"line":7,"column":1}},"1":{"start":{"line":2,"column":2},"end":{"line":6,"column":5}},"2":{"start":{"line":3,"column":4},"end":{"line":6,"column":5}},"3":{"start":{"line":4,"column":22},"end":{"line":4,"column":68}}},"fnMap":{"0":{"name":"pipe","decl":{"start":{"line":1,"column":26},"end":{"line":1,"column":30}},"loc":{"start":{"line":1,"column":39},"end":{"line":7,"column":1}},"line":1},"1":{"name":"(anonymous_1)","decl":{"start":{"line":2,"column":9},"end":{"line":2,"column":10}},"loc":{"start":{"line":3,"column":4},"end":{"line":6,"column":5}},"line":3},"2":{"name":"(anonymous_2)","decl":{"start":{"line":4,"column":6},"end":{"line":4,"column":7}},"loc":{"start":{"line":4,"column":22},"end":{"line":4,"column":68}},"line":4}},"branchMap":{"0":{"loc":{"start":{"line":4,"column":22},"end":{"line":4,"column":68}},"type":"binary-expr","locations":[{"start":{"line":4,"column":23},"end":{"line":4,"column":34}},{"start":{"line":4,"column":38},"end":{"line":4,"column":53}},{"start":{"line":4,"column":58},"end":{"line":4,"column":68}}],"line":4}},"s":{"0":1,"1":7,"2":7,"3":35},"f":{"0":7,"1":7,"2":35},"b":{"0":[35,21,14]},"_coverageSchema":"1a1c01bbd47fc00a2c39e90264f33305004495a9","hash":"42b5cb066b4470c9d0760791732e776e1157a7e1"}
}
