TN:
SF:src/routes/get-posts.js
FN:1,buildGetPosts
FN:2,getPosts
FN:31,issueConcurrentGetRequest
FN:32,(anonymous_3)
FN:36,flattenResponseBody
FN:37,(anonymous_5)
FN:40,sortBy
FN:41,(anonymous_7)
FN:41,(anonymous_8)
FN:50,mergePosts
FN:54,(anonymous_10)
FN:58,makePostsAPIRequestURLs
FN:61,(anonymous_12)
FNF:13
FNH:13
FNDA:1,buildGetPosts
FNDA:10,getPosts
FNDA:7,issueConcurrentGetRequest
FNDA:8,(anonymous_3)
FNDA:7,flattenResponseBody
FNDA:8,(anonymous_5)
FNDA:7,sortBy
FNDA:7,(anonymous_7)
FNDA:19,(anonymous_8)
FNDA:7,mergePosts
FNDA:21,(anonymous_10)
FNDA:7,makePostsAPIRequestURLs
FNDA:8,(anonymous_12)
DA:2,1
DA:3,10
DA:4,10
DA:6,10
DA:8,10
DA:9,1
DA:12,9
DA:13,1
DA:16,8
DA:17,1
DA:20,7
DA:28,7
DA:32,8
DA:33,7
DA:37,8
DA:41,7
DA:42,19
DA:43,18
DA:46,1
DA:51,7
DA:53,7
DA:54,21
DA:59,7
DA:61,8
DA:65,1
LF:25
LH:25
BRDA:8,0,0,1
BRDA:8,0,1,9
BRDA:12,1,0,1
BRDA:12,1,1,8
BRDA:16,2,0,1
BRDA:16,2,1,7
BRDA:42,3,0,18
BRDA:42,3,1,1
BRDA:54,4,0,1
BRDA:54,4,1,20
BRF:10
BRH:10
end_of_record
TN:
SF:src/utils/pipe.js
FN:1,pipe
FN:2,(anonymous_1)
FN:4,(anonymous_2)
FNF:3
FNH:3
FNDA:7,pipe
FNDA:7,(anonymous_1)
FNDA:35,(anonymous_2)
DA:1,1
DA:2,7
DA:3,7
DA:4,35
LF:4
LH:4
BRDA:4,0,0,35
BRDA:4,0,1,21
BRDA:4,0,2,14
BRF:3
BRH:3
end_of_record
